<?xml version="1.0" encoding="UTF-8"?>
<testng-results ignored="0" total="4" passed="4" failed="0" skipped="0">
  <reporter-output>
  </reporter-output>
  <suite started-at="2025-09-08T21:21:51 IST" name="Default suite" finished-at="2025-09-08T21:24:39 IST" duration-ms="167213">
    <groups>
      <group name="cucumber">
        <method signature="AbstractTestNGCucumberTests.runScenario(io.cucumber.testng.PickleWrapper,io.cucumber.testng.FeatureWrapper)[pri:0, instance:runner.TestRunner@a1cdc6d]" name="runScenario" class="io.cucumber.testng.AbstractTestNGCucumberTests"/>
      </group> <!-- cucumber -->
    </groups>
    <test started-at="2025-09-08T21:21:51 IST" name="Default test" finished-at="2025-09-08T21:24:39 IST" duration-ms="167213">
      <class name="runner.TestRunner">
        <test-method is-config="true" signature="setUpClass(org.testng.ITestContext)[pri:0, instance:runner.TestRunner@a1cdc6d]" started-at="2025-09-08T21:21:51 IST" name="setUpClass" finished-at="2025-09-08T21:21:53 IST" duration-ms="1647" status="PASS">
          <params>
            <param index="0">
              <value>
                <![CDATA[org.testng.TestRunner@236ae13d]]>
              </value>
            </param>
          </params>
          <reporter-output>
          </reporter-output>
        </test-method> <!-- setUpClass -->
        <test-method signature="runScenario(io.cucumber.testng.PickleWrapper,io.cucumber.testng.FeatureWrapper)[pri:0, instance:runner.TestRunner@a1cdc6d]" started-at="2025-09-08T21:21:53 IST" name="runScenario" description="Runs Cucumber Scenarios" data-provider="scenarios" finished-at="2025-09-08T21:22:37 IST" duration-ms="43868" status="PASS">
          <params>
            <param index="0">
              <value>
                <![CDATA["Mismatch location–landmark combination"]]>
              </value>
            </param>
            <param index="1">
              <value>
                <![CDATA["Home Page Search and Navigation"]]>
              </value>
            </param>
          </params>
          <reporter-output>
          </reporter-output>
        </test-method> <!-- runScenario -->
        <test-method signature="runScenario(io.cucumber.testng.PickleWrapper,io.cucumber.testng.FeatureWrapper)[pri:0, instance:runner.TestRunner@a1cdc6d]" started-at="2025-09-08T21:22:37 IST" name="runScenario" description="Runs Cucumber Scenarios" data-provider="scenarios" finished-at="2025-09-08T21:23:13 IST" duration-ms="35647" status="PASS">
          <params>
            <param index="0">
              <value>
                <![CDATA["Missing landmark"]]>
              </value>
            </param>
            <param index="1">
              <value>
                <![CDATA["Home Page Search and Navigation"]]>
              </value>
            </param>
          </params>
          <reporter-output>
          </reporter-output>
        </test-method> <!-- runScenario -->
        <test-method signature="runScenario(io.cucumber.testng.PickleWrapper,io.cucumber.testng.FeatureWrapper)[pri:0, instance:runner.TestRunner@a1cdc6d]" started-at="2025-09-08T21:23:13 IST" name="runScenario" description="Runs Cucumber Scenarios" data-provider="scenarios" finished-at="2025-09-08T21:23:55 IST" duration-ms="42053" status="PASS">
          <params>
            <param index="0">
              <value>
                <![CDATA["Valid landmark"]]>
              </value>
            </param>
            <param index="1">
              <value>
                <![CDATA["Home Page Search and Navigation"]]>
              </value>
            </param>
          </params>
          <reporter-output>
          </reporter-output>
        </test-method> <!-- runScenario -->
        <test-method signature="runScenario(io.cucumber.testng.PickleWrapper,io.cucumber.testng.FeatureWrapper)[pri:0, instance:runner.TestRunner@a1cdc6d]" started-at="2025-09-08T21:23:55 IST" name="runScenario" description="Runs Cucumber Scenarios" data-provider="scenarios" finished-at="2025-09-08T21:24:38 IST" duration-ms="43157" status="PASS">
          <params>
            <param index="0">
              <value>
                <![CDATA["View previous searches after new search"]]>
              </value>
            </param>
            <param index="1">
              <value>
                <![CDATA["Home Page Search and Navigation"]]>
              </value>
            </param>
          </params>
          <reporter-output>
          </reporter-output>
        </test-method> <!-- runScenario -->
        <test-method is-config="true" signature="tearDownClass()[pri:0, instance:runner.TestRunner@a1cdc6d]" started-at="2025-09-08T21:24:38 IST" name="tearDownClass" finished-at="2025-09-08T21:24:39 IST" duration-ms="744" status="PASS">
          <reporter-output>
          </reporter-output>
        </test-method> <!-- tearDownClass -->
      </class> <!-- runner.TestRunner -->
    </test> <!-- Default test -->
  </suite> <!-- Default suite -->
</testng-results>
